{"numFailedTestSuites":0,"numFailedTests":0,"numPassedTestSuites":6,"numPassedTests":17,"numPendingTestSuites":0,"numPendingTests":0,"numRuntimeErrorTestSuites":0,"numTodoTests":0,"numTotalTestSuites":6,"numTotalTests":17,"openHandles":[],"snapshot":{"added":0,"didUpdate":false,"failure":false,"filesAdded":0,"filesRemoved":0,"filesRemovedList":[],"filesUnmatched":0,"filesUpdated":0,"matched":0,"total":0,"unchecked":0,"uncheckedKeysByFile":[],"unmatched":0,"updated":0},"startTime":1620366894947,"success":true,"testResults":[{"assertionResults":[{"ancestorTitles":["Card component"],"failureMessages":[],"fullName":"Card component renders without crashing","location":null,"status":"passed","title":"renders without crashing"},{"ancestorTitles":["Card component"],"failureMessages":[],"fullName":"Card component should render Card Text","location":null,"status":"passed","title":"should render Card Text"},{"ancestorTitles":["Card component"],"failureMessages":[],"fullName":"Card component should render cardclass and card color properly","location":null,"status":"passed","title":"should render cardclass and card color properly"}],"endTime":1620366902047,"message":"","name":"D:\\React Assignment\\react-project\\src\\components\\Generic\\Card\\Card.test.js","startTime":1620366897993,"status":"passed","summary":""},{"assertionResults":[{"ancestorTitles":["Password component"],"failureMessages":[],"fullName":"Password component should render password label","location":null,"status":"passed","title":"should render password label"},{"ancestorTitles":["Password component"],"failureMessages":[],"fullName":"Password component Password field should have name","location":null,"status":"passed","title":"Password field should have name"}],"endTime":1620366902161,"message":"","name":"D:\\React Assignment\\react-project\\src\\components\\Generic\\Password\\Password.test.js","startTime":1620366897977,"status":"passed","summary":""},{"assertionResults":[{"ancestorTitles":["Input component"],"failureMessages":[],"fullName":"Input component renders without crashing","location":null,"status":"passed","title":"renders without crashing"},{"ancestorTitles":["Input component"],"failureMessages":[],"fullName":"Input component should render label correctly","location":null,"status":"passed","title":"should render label correctly"},{"ancestorTitles":["Input component"],"failureMessages":[],"fullName":"Input component input field should have name","location":null,"status":"passed","title":"input field should have name"}],"endTime":1620366902229,"message":"","name":"D:\\React Assignment\\react-project\\src\\components\\Generic\\Input\\Input.test.js","startTime":1620366897986,"status":"passed","summary":""},{"assertionResults":[{"ancestorTitles":["Card component"],"failureMessages":[],"fullName":"Card component renders without crashing","location":null,"status":"passed","title":"renders without crashing"},{"ancestorTitles":["Card component"],"failureMessages":[],"fullName":"Card component should render label correctly","location":null,"status":"passed","title":"should render label correctly"},{"ancestorTitles":["Card component"],"failureMessages":[],"fullName":"Card component toggle element by selecting checkbox","location":null,"status":"passed","title":"toggle element by selecting checkbox"}],"endTime":1620366902239,"message":"","name":"D:\\React Assignment\\react-project\\src\\components\\Generic\\Checkbox\\Checkbox.test.js","startTime":1620366897999,"status":"passed","summary":""},{"assertionResults":[{"ancestorTitles":["Login component"],"failureMessages":[],"fullName":"Login component renders Login component without crashing","location":null,"status":"passed","title":"renders Login component without crashing"},{"ancestorTitles":["Login component"],"failureMessages":[],"fullName":"Login component render login header","location":null,"status":"passed","title":"render login header"}],"endTime":1620366902659,"message":"","name":"D:\\React Assignment\\react-project\\src\\components\\Login\\Login.test.js","startTime":1620366897976,"status":"passed","summary":""},{"assertionResults":[{"ancestorTitles":["Button component"],"failureMessages":[],"fullName":"Button component renders without crashing","location":null,"status":"passed","title":"renders without crashing"},{"ancestorTitles":["Button component"],"failureMessages":[],"fullName":"Button component should render label correctly","location":null,"status":"passed","title":"should render label correctly"},{"ancestorTitles":["Button component"],"failureMessages":[],"fullName":"Button component should be disabled","location":null,"status":"passed","title":"should be disabled"},{"ancestorTitles":["Button component"],"failureMessages":[],"fullName":"Button component button should have secondary styling ","location":null,"status":"passed","title":"button should have secondary styling "}],"endTime":1620366902677,"message":"","name":"D:\\React Assignment\\react-project\\src\\components\\Generic\\Button\\Button.test.js","startTime":1620366897962,"status":"passed","summary":""}],"wasInterrupted":false}